\BOOKMARK [0][]{chapter.1}{\376\377\0001\000\040\000F\000e\000r\000m\000i\000o\000n\000i\000c\000\040\000Q\000u\000a\000d\000r\000a\000t\000i\000c\000\040\000H\000a\000m\000i\000l\000t\000o\000n\000i\000a\000n\000s}{}% 1
\BOOKMARK [1][]{section.1.1}{\376\377\0001\000.\0001\000\040\000D\000i\000r\000a\000c\000\040\000R\000e\000p\000r\000e\000s\000e\000n\000t\000a\000t\000i\000o\000n}{chapter.1}% 2
\BOOKMARK [1][]{section.1.2}{\376\377\0001\000.\0002\000\040\000M\000a\000j\000o\000r\000a\000n\000a\000\040\000R\000e\000p\000r\000e\000s\000e\000n\000t\000a\000t\000i\000o\000n}{chapter.1}% 3
\BOOKMARK [1][]{section.1.3}{\376\377\0001\000.\0003\000\040\000D\000i\000a\000g\000o\000n\000a\000l\000i\000s\000a\000t\000i\000o\000n}{chapter.1}% 4
\BOOKMARK [1][]{section.1.4}{\376\377\0001\000.\0004\000\040\000N\000u\000m\000e\000r\000i\000c\000a\000l\000\040\000M\000e\000t\000h\000o\000d\000s}{chapter.1}% 5
\BOOKMARK [0][]{chapter.2}{\376\377\0002\000\040\000F\000e\000r\000m\000i\000o\000n\000i\000c\000\040\000g\000a\000u\000s\000s\000i\000a\000n\000\040\000s\000t\000a\000t\000e\000s}{}% 6
\BOOKMARK [1][]{section.2.1}{\376\377\0002\000.\0001\000\040\000R\000e\000p\000r\000e\000s\000e\000n\000t\000a\000t\000i\000o\000n\000s\000\040\000o\000f\000\040\000f\000e\000r\000m\000i\000o\000n\000i\000c\000\040\000d\000e\000n\000s\000i\000t\000y\000\040\000m\000a\000t\000r\000i\000x}{chapter.2}% 7
\BOOKMARK [1][]{section.2.2}{\376\377\0002\000.\0002\000\040\000C\000o\000r\000r\000e\000l\000a\000t\000i\000o\000n\000\040\000M\000a\000t\000r\000i\000x}{chapter.2}% 8
\BOOKMARK [1][]{section.2.3}{\376\377\0002\000.\0003\000\040\000E\000i\000g\000e\000n\000v\000a\000l\000u\000e\000s\000\040\000o\000f\000\040\000\040\000a\000n\000d\000\040\000e\000i\000g\000e\000n\000v\000a\000l\000u\000e\000s\000\040\000o\000f\000\040}{chapter.2}% 9
\BOOKMARK [1][]{section.2.4}{\376\377\0002\000.\0004\000\040\000I\000n\000f\000o\000r\000m\000a\000t\000i\000o\000n\000\040\000m\000e\000a\000s\000u\000r\000e\000s}{chapter.2}% 10
\BOOKMARK [0][]{chapter.3}{\376\377\0003\000\040\000H\000o\000p\000p\000i\000n\000g\000\040\000H\000a\000m\000i\000l\000t\000o\000n\000i\000a\000n}{}% 11
\BOOKMARK [0][]{chapter.4}{\376\377\0004\000\040\000T\000r\000a\000n\000s\000v\000e\000r\000s\000e\000\040\000F\000i\000e\000l\000d\000\040\000I\000s\000i\000n\000g\000\040\000H\000a\000m\000i\000l\000t\000o\000n\000i\000a\000n}{}% 12
\BOOKMARK [0][]{chapter.5}{\376\377\0005\000\040\000T\000i\000m\000e\000\040\000e\000v\000o\000l\000u\000t\000i\000o\000n\000s}{}% 13
\BOOKMARK [1][]{section.5.1}{\376\377\0005\000.\0001\000\040\000R\000e\000a\000l\000-\000t\000i\000m\000e\000\040\000e\000v\000o\000l\000u\000t\000i\000o\000n}{chapter.5}% 14
\BOOKMARK [1][]{section.5.2}{\376\377\0005\000.\0002\000\040\000I\000m\000a\000g\000i\000n\000a\000r\000y\000-\000t\000i\000m\000e\000\040\000e\000v\000o\000l\000u\000t\000i\000o\000n}{chapter.5}% 15
\BOOKMARK [1][]{section.5.3}{\376\377\0005\000.\0003\000\040\000N\000u\000m\000e\000r\000i\000c\000a\000l\000\040\000I\000m\000a\000g\000i\000n\000a\000r\000y\000\040\000t\000i\000m\000e\000\040\000e\000v\000o\000l\000u\000t\000i\000o\000n}{chapter.5}% 16
\BOOKMARK [1][]{section.5.4}{\376\377\0005\000.\0004\000\040\000N\000u\000m\000e\000r\000i\000c\000a\000l\000\040\000I\000m\000a\000g\000i\000n\000a\000r\000y\000\040\000t\000i\000m\000e\000\040\000e\000v\000o\000l\000u\000t\000i\000o\000n\000\040\000f\000o\000r\000\040\000F\000e\000r\000m\000i\000o\000n\000i\000c\000\040\000G\000a\000u\000s\000s\000i\000a\000n\000\040\000s\000t\000a\000t\000e\000s}{chapter.5}% 17
\BOOKMARK [0][]{appendix.A}{\376\377\000A\000\040\000E\000x\000t\000e\000n\000d\000e\000d\000\040\000c\000a\000l\000c\000u\000l\000a\000t\000i\000o\000n\000s}{}% 18
\BOOKMARK [1][]{section.A.1}{\376\377\000A\000.\0001\000\040\000E\000i\000g\000e\000n\000v\000a\000l\000u\000e\000s\000\040\000o\000f\000\040\000\040\000a\000n\000d\000\040\000H}{appendix.A}% 19
\BOOKMARK [1][]{section.A.2}{\376\377\000A\000.\0002\000\040\000P\000u\000r\000i\000t\000y}{appendix.A}% 20
\BOOKMARK [0][]{appendix.B}{\376\377\000B\000\040\000F\000-\000u\000t\000i\000l\000i\000t\000i\000e\000s}{}% 21
\BOOKMARK [0][]{appendix.C}{\376\377\000C\000\040\000U\000s\000e\000f\000u\000l\000\040\000r\000e\000l\000a\000t\000i\000o\000n\000s}{}% 22
\BOOKMARK [1][]{section.C.1}{\376\377\000C\000.\0001\000\040\000P\000a\000u\000l\000i\000\040\000M\000a\000t\000r\000i\000c\000e\000s}{appendix.C}% 23
\BOOKMARK [1][]{section.C.2}{\376\377\000C\000.\0002\000\040\000F\000e\000r\000m\000i\000o\000n\000i\000c\000\040\000o\000p\000e\000r\000a\000t\000o\000r\000s}{appendix.C}% 24
\BOOKMARK [1][]{section.C.3}{\376\377\000C\000.\0003\000\040\000J\000o\000r\000d\000a\000n\000-\000W\000i\000g\000n\000e\000r\000\040\000T\000r\000a\000n\000s\000f\000o\000r\000m\000a\000t\000i\000o\000n\000s}{appendix.C}% 25
