\BOOKMARK [1][-]{section.0.1}{The\040canonical\040anticommutation\040relations}{}% 1
\BOOKMARK [2][-]{subsection.0.1.1}{The\040Hilbert\040space\040characterised\040by\040the\040canonical\040anticommutation\040relations}{section.0.1}% 2
\BOOKMARK [2][-]{subsection.0.1.2}{Dirac\040and\040Majorana\040representations}{section.0.1}% 3
\BOOKMARK [1][-]{section.0.2}{Fermionic\040Quadratic\040Hamiltonians}{}% 4
\BOOKMARK [2][-]{subsection.0.2.1}{Dirac\040Representation}{section.0.2}% 5
\BOOKMARK [2][-]{subsection.0.2.2}{Majorana\040Representation}{section.0.2}% 6
\BOOKMARK [2][-]{subsection.0.2.3}{Diagonalisation}{section.0.2}% 7
\BOOKMARK [2][-]{subsection.0.2.4}{Numerical\040diagonalisation}{section.0.2}% 8
\BOOKMARK [1][-]{section.0.3}{Fermionic\040Gaussian\040States}{}% 9
\BOOKMARK [2][-]{subsection.0.3.1}{Fermionic\040Gaussian\040states}{section.0.3}% 10
\BOOKMARK [2][-]{subsection.0.3.2}{Correlation\040Matrix}{section.0.3}% 11
\BOOKMARK [2][-]{subsection.0.3.3}{Covariance\040matrix}{section.0.3}% 12
\BOOKMARK [2][-]{subsection.0.3.4}{Wick's\040theorem}{section.0.3}% 13
\BOOKMARK [2][-]{subsection.0.3.5}{Diagonalisation\040of\040the\040correlation\040matrix}{section.0.3}% 14
\BOOKMARK [2][-]{subsection.0.3.6}{Eigenvalues\040of\040\040and\040eigenvalues\040of\040}{section.0.3}% 15
\BOOKMARK [2][-]{subsection.0.3.7}{Reduced\040density\040matrix\040and\040tensor\040product\040of\040Fermionic\040Gaussian\040states}{section.0.3}% 16
\BOOKMARK [2][-]{subsection.0.3.8}{Correlation\040matrices\040of\040translational\040invariant\040states}{section.0.3}% 17
\BOOKMARK [2][-]{subsection.0.3.9}{Product\040Rule}{section.0.3}% 18
\BOOKMARK [2][-]{subsection.0.3.10}{Information\040measures}{section.0.3}% 19
\BOOKMARK [2][-]{subsection.0.3.11}{Examples}{section.0.3}% 20
\BOOKMARK [2][-]{subsection.0.3.12}{Time\040Evolution}{section.0.3}% 21
\BOOKMARK [1][-]{section.0.4}{Hopping\040model}{}% 22
\BOOKMARK [2][-]{subsection.0.4.1}{Numerical\040diagonalisation}{section.0.4}% 23
\BOOKMARK [2][-]{subsection.0.4.2}{Time\040Evolution}{section.0.4}% 24
\BOOKMARK [1][-]{section.0.5}{Transverse\040Field\040Ising\040Model}{}% 25
\BOOKMARK [2][-]{subsection.0.5.1}{Analytical\040diagonalisation\040of\040the\040TFI\040Hamiltonian}{section.0.5}% 26
\BOOKMARK [2][-]{subsection.0.5.2}{Ground\040state}{section.0.5}% 27
\BOOKMARK [2][-]{subsection.0.5.3}{Time\040Evolution}{section.0.5}% 28
\BOOKMARK [1][-]{section.0.6}{Benchmarking\040with\040Fermionic\040Gaussian\040states}{}% 29
\BOOKMARK [2][-]{subsection.0.6.1}{Imaginary-time\040evolution}{section.0.6}% 30
\BOOKMARK [2][-]{subsection.0.6.2}{Numerical\040Imaginary\040time\040evolution}{section.0.6}% 31
\BOOKMARK [2][-]{subsection.0.6.3}{Fermionic\040Gaussian\040States\040with\040Fixed\040Bond\040Dimension}{section.0.6}% 32
\BOOKMARK [2][-]{subsection.0.6.4}{Reduction\040of\040the\040bond\040dimension\040of\040a\040two\040dimensional\040system\040divided\040in\040sectors}{section.0.6}% 33
