\BOOKMARK [0][-]{chapter.1}{Basics}{}% 1
\BOOKMARK [1][-]{section.1.1}{The canonical anticommutation relations}{chapter.1}% 2
\BOOKMARK [1][-]{section.1.2}{Dirac and Majorana representations}{chapter.1}% 3
\BOOKMARK [1][-]{section.1.3}{Fermionic Quadratic Hamiltonians}{chapter.1}% 4
\BOOKMARK [1][-]{section.1.4}{Dirac Representation}{chapter.1}% 5
\BOOKMARK [1][-]{section.1.5}{Majorana Representation}{chapter.1}% 6
\BOOKMARK [1][-]{section.1.6}{Diagonalisation}{chapter.1}% 7
\BOOKMARK [1][-]{section.1.7}{Numerical diagonalisation}{chapter.1}% 8
\BOOKMARK [0][-]{chapter.2}{Fermionic Gaussian States}{}% 9
\BOOKMARK [1][-]{section.2.1}{Fermionic Gaussian states}{chapter.2}% 10
\BOOKMARK [1][-]{section.2.2}{Correlation Matrix}{chapter.2}% 11
\BOOKMARK [1][-]{section.2.3}{Covariance matrix}{chapter.2}% 12
\BOOKMARK [1][-]{section.2.4}{Wick's theorem}{chapter.2}% 13
\BOOKMARK [1][-]{section.2.5}{Diagonalisation of the correlation matrix}{chapter.2}% 14
\BOOKMARK [1][-]{section.2.6}{Eigenvalues of \040and eigenvalues of }{chapter.2}% 15
\BOOKMARK [1][-]{section.2.7}{Reduced density matrix and tensor product of Fermionic Gaussian states}{chapter.2}% 16
\BOOKMARK [1][-]{section.2.8}{Correlation matrices of translational invariant states}{chapter.2}% 17
\BOOKMARK [1][-]{section.2.9}{Product Rule}{chapter.2}% 18
\BOOKMARK [1][-]{section.2.10}{Information measures}{chapter.2}% 19
\BOOKMARK [1][-]{section.2.11}{Examples}{chapter.2}% 20
\BOOKMARK [1][-]{section.2.12}{Time Evolution}{chapter.2}% 21
\BOOKMARK [0][-]{chapter.3}{Hopping model}{}% 22
\BOOKMARK [1][-]{section.3.1}{Numerical diagonalisation}{chapter.3}% 23
\BOOKMARK [1][-]{section.3.2}{Time Evolution}{chapter.3}% 24
\BOOKMARK [0][-]{chapter.4}{Transverse Field Ising Model}{}% 25
\BOOKMARK [1][-]{section.4.1}{Analytical diagonalisation of the TFI Hamiltonian}{chapter.4}% 26
\BOOKMARK [1][-]{section.4.2}{Ground state}{chapter.4}% 27
\BOOKMARK [1][-]{section.4.3}{Time Evolution}{chapter.4}% 28
\BOOKMARK [0][-]{chapter.5}{Benchmarking with Fermionic Gaussian states}{}% 29
\BOOKMARK [1][-]{section.5.1}{Imaginary-time evolution}{chapter.5}% 30
\BOOKMARK [1][-]{section.5.2}{Numerical Imaginary time evolution}{chapter.5}% 31
\BOOKMARK [1][-]{section.5.3}{Fermionic Gaussian States with Fixed Bond Dimension}{chapter.5}% 32
\BOOKMARK [1][-]{section.5.4}{Reduction of the bond dimension of a two dimensional system divided in sectors}{chapter.5}% 33
\BOOKMARK [0][-]{appendix.A}{Appendix}{}% 34
\BOOKMARK [1][-]{section.A.1}{Extended calculations}{appendix.A}% 35
\BOOKMARK [2][-]{subsection.A.1.1}{Eigenvalues of \040and H}{section.A.1}% 36
\BOOKMARK [2][-]{subsection.A.1.2}{Purity}{section.A.1}% 37
\BOOKMARK [2][-]{subsection.A.1.3}{Real Time Evolution}{section.A.1}% 38
\BOOKMARK [2][-]{subsection.A.1.4}{Circulant Matrices}{section.A.1}% 39
\BOOKMARK [2][-]{subsection.A.1.5}{Block diagonal form of skew-symmetric matrices}{section.A.1}% 40
\BOOKMARK [2][-]{subsection.A.1.6}{Power method algorithm}{section.A.1}% 41
\BOOKMARK [2][-]{subsection.A.1.7}{Jordan-Wigner transformation}{section.A.1}% 42
\BOOKMARK [1][-]{section.A.2}{Useful relations}{appendix.A}% 43
\BOOKMARK [2][-]{subsection.A.2.1}{Pauli Matrices}{section.A.2}% 44
\BOOKMARK [2][-]{subsection.A.2.2}{Operators obeying CAR}{section.A.2}% 45
\BOOKMARK [2][-]{subsection.A.2.3}{Jordan-Wigner Transformations}{section.A.2}% 46
\BOOKMARK [2][-]{subsection.A.2.4}{Formulas}{section.A.2}% 47
\BOOKMARK [0][-]{Item.41}{Bibliography}{}% 48
