\BOOKMARK [0][]{chapter.1}{1\040The\040canonical\040anticommutation\040relations}{}% 1
\BOOKMARK [1][]{section.1.1}{1.1\040The\040Hilbert\040space\040characterised\040by\040the\040canonical\040anticommutation\040relations}{chapter.1}% 2
\BOOKMARK [1][]{section.1.2}{1.2\040Dirac\040and\040Majorana\040representations}{chapter.1}% 3
\BOOKMARK [0][]{chapter.2}{2\040Fermionic\040Quadratic\040Hamiltonians}{}% 4
\BOOKMARK [1][]{section.2.1}{2.1\040Dirac\040Representation}{chapter.2}% 5
\BOOKMARK [1][]{section.2.2}{2.2\040Majorana\040Representation}{chapter.2}% 6
\BOOKMARK [1][]{section.2.3}{2.3\040Diagonalisation}{chapter.2}% 7
\BOOKMARK [1][]{section.2.4}{2.4\040Numerical\040diagonalisation}{chapter.2}% 8
\BOOKMARK [0][]{chapter.3}{3\040Fermionic\040Gaussian\040States}{}% 9
\BOOKMARK [1][]{section.3.1}{3.1\040Fermionic\040Gaussian\040states}{chapter.3}% 10
\BOOKMARK [1][]{section.3.2}{3.2\040Correlation\040Matrix}{chapter.3}% 11
\BOOKMARK [1][]{section.3.3}{3.3\040Covariance\040matrix}{chapter.3}% 12
\BOOKMARK [1][]{section.3.4}{3.4\040Wick's\040theorem}{chapter.3}% 13
\BOOKMARK [1][]{section.3.5}{3.5\040Diagonalisation\040of\040the\040correlation\040matrix}{chapter.3}% 14
\BOOKMARK [1][]{section.3.6}{3.6\040Eigenvalues\040of\040\040and\040eigenvalues\040of\040}{chapter.3}% 15
\BOOKMARK [1][]{section.3.7}{3.7\040Information\040measures}{chapter.3}% 16
\BOOKMARK [1][]{section.3.8}{3.8\040Examples}{chapter.3}% 17
\BOOKMARK [0][]{appendix.A}{A\040Extended\040calculations}{}% 18
\BOOKMARK [1][]{section.A.1}{A.1\040Eigenvalues\040of\040\040and\040H}{appendix.A}% 19
\BOOKMARK [1][]{section.A.2}{A.2\040Purity}{appendix.A}% 20
\BOOKMARK [0][]{appendix.B}{B\040F-utilities}{}% 21
\BOOKMARK [0][]{appendix.C}{C\040Useful\040relations}{}% 22
\BOOKMARK [1][]{section.C.1}{C.1\040Pauli\040Matrices}{appendix.C}% 23
\BOOKMARK [1][]{section.C.2}{C.2\040Operators\040obeying\040CAR}{appendix.C}% 24
\BOOKMARK [1][]{section.C.3}{C.3\040Jordan-Wigner\040Transformations}{appendix.C}% 25
