\BOOKMARK [0][]{chapter.1}{1\040The\040canonical\040anticommutation\040relations}{}% 1
\BOOKMARK [1][]{section.1.1}{1.1\040The\040Hilbert\040space\040characterised\040by\040the\040canonical\040anticommutation\040relations}{chapter.1}% 2
\BOOKMARK [1][]{section.1.2}{1.2\040Dirac\040and\040Majorana\040representations}{chapter.1}% 3
\BOOKMARK [0][]{chapter.2}{2\040Fermionic\040Quadratic\040Hamiltonians}{}% 4
\BOOKMARK [1][]{section.2.1}{2.1\040Dirac\040Representation}{chapter.2}% 5
\BOOKMARK [1][]{section.2.2}{2.2\040Majorana\040Representation}{chapter.2}% 6
\BOOKMARK [1][]{section.2.3}{2.3\040Diagonalisation}{chapter.2}% 7
\BOOKMARK [1][]{section.2.4}{2.4\040Numerical\040diagonalisation}{chapter.2}% 8
\BOOKMARK [0][]{chapter.3}{3\040Fermionic\040Gaussian\040States}{}% 9
\BOOKMARK [1][]{section.3.1}{3.1\040Fermionic\040Gaussian\040states}{chapter.3}% 10
\BOOKMARK [1][]{section.3.2}{3.2\040Correlation\040Matrix}{chapter.3}% 11
\BOOKMARK [1][]{section.3.3}{3.3\040Covariance\040matrix}{chapter.3}% 12
\BOOKMARK [1][]{section.3.4}{3.4\040Wick's\040theorem}{chapter.3}% 13
\BOOKMARK [1][]{section.3.5}{3.5\040Diagonalisation\040of\040the\040correlation\040matrix}{chapter.3}% 14
\BOOKMARK [1][]{section.3.6}{3.6\040Eigenvalues\040of\040\040and\040eigenvalues\040of\040}{chapter.3}% 15
\BOOKMARK [1][]{section.3.7}{3.7\040Reduced\040density\040matrix\040and\040tensor\040product\040of\040fermionic\040gaussian\040states}{chapter.3}% 16
\BOOKMARK [1][]{section.3.8}{3.8\040Correlation\040matrix\040of\040translational\040invariant\040state}{chapter.3}% 17
\BOOKMARK [1][]{section.3.9}{3.9\040Product\040Rule}{chapter.3}% 18
\BOOKMARK [1][]{section.3.10}{3.10\040Information\040measures}{chapter.3}% 19
\BOOKMARK [1][]{section.3.11}{3.11\040Examples}{chapter.3}% 20
\BOOKMARK [0][]{chapter.4}{4\040Time\040evolution}{}% 21
\BOOKMARK [1][]{section.4.1}{4.1\040Real\040Time\040Evolution}{chapter.4}% 22
\BOOKMARK [1][]{section.4.2}{4.2\040Imaginary-time\040evolution}{chapter.4}% 23
\BOOKMARK [1][]{section.4.3}{4.3\040Numerical\040Imaginary\040time\040evolution}{chapter.4}% 24
\BOOKMARK [0][]{chapter.5}{5\040Hopping\040model}{}% 25
\BOOKMARK [1][]{section.5.1}{5.1\040Example}{chapter.5}% 26
\BOOKMARK [1][]{section.5.2}{5.2\040Time\040evolution}{chapter.5}% 27
\BOOKMARK [0][]{appendix.A}{A\040Extended\040calculations}{}% 28
\BOOKMARK [1][]{section.A.1}{A.1\040Eigenvalues\040of\040\040and\040H}{appendix.A}% 29
\BOOKMARK [1][]{section.A.2}{A.2\040Purity}{appendix.A}% 30
\BOOKMARK [1][]{section.A.3}{A.3\040Real\040Time\040Evolution}{appendix.A}% 31
\BOOKMARK [1][]{section.A.4}{A.4\040Circulant\040Matrices}{appendix.A}% 32
\BOOKMARK [1][]{section.A.5}{A.5\040Block\040diagonal\040form\040of\040skew-symmetric\040matrices}{appendix.A}% 33
\BOOKMARK [0][]{appendix.B}{B\040Useful\040relations}{}% 34
\BOOKMARK [1][]{section.B.1}{B.1\040Pauli\040Matrices}{appendix.B}% 35
\BOOKMARK [1][]{section.B.2}{B.2\040Operators\040obeying\040CAR}{appendix.B}% 36
\BOOKMARK [1][]{section.B.3}{B.3\040Jordan-Wigner\040Transformations}{appendix.B}% 37
\BOOKMARK [1][]{section.B.4}{B.4\040Formulas}{appendix.B}% 38
